<?xml version="1.0" encoding="UTF-8"?>
<!-- Generated by org.testng.reporters.JUnitReportReporter -->
<testsuite hostname="LAPTOP-9HKV2PKQ" name="AskFan.actAskfan" tests="1" failures="0" timestamp="12 Mar 2017 02:20:28 GMT" time="32.809" errors="0">
  <testcase name="Case1" time="32.809" classname="AskFan.actAskfan"/>
</testsuite> <!-- AskFan.actAskfan -->
