<?xml version="1.0" encoding="UTF-8"?>
<!-- Generated by org.testng.reporters.JUnitReportReporter -->
<testsuite hostname="Simba-PC" name="SelectByCss.SelectByCssForGetLinks" tests="1" failures="0" timestamp="10 Mar 2017 09:03:20 GMT" time="20.370" errors="0">
  <testcase name="getLinks" time="20.370" classname="SelectByCss.SelectByCssForGetLinks"/>
</testsuite> <!-- SelectByCss.SelectByCssForGetLinks -->
